<?xml version="1.0" encoding="UTF-8"?>
<testng-results skipped="0" failed="0" total="1" passed="1">
  <reporter-output>
  </reporter-output>
  <suite name="Default suite" duration-ms="42452" started-at="2017-06-06T13:55:26Z" finished-at="2017-06-06T13:56:09Z">
    <groups>
    </groups>
    <test name="Default test" duration-ms="42452" started-at="2017-06-06T13:55:26Z" finished-at="2017-06-06T13:56:09Z">
      <class name="com.myProject.test.Login">
        <test-method status="PASS" signature="method()[pri:0, instance:com.myProject.test.Login@51565ec2]" name="method" duration-ms="42394" started-at="2017-06-06T19:25:26Z" finished-at="2017-06-06T19:26:09Z">
          <reporter-output>
          </reporter-output>
        </test-method> <!-- method -->
      </class> <!-- com.myProject.test.Login -->
    </test> <!-- Default test -->
  </suite> <!-- Default suite -->
</testng-results>
